{"/Users/prudvihemanth/Desktop/urlAnalysis/index.js":{"path":"/Users/prudvihemanth/Desktop/urlAnalysis/index.js","s":{"1":1,"2":1,"3":1,"4":1,"5":1,"6":2,"7":2,"8":2,"9":2,"10":3,"11":3,"12":3,"13":2,"14":1,"15":0,"16":0,"17":1,"18":2,"19":2,"20":2,"21":0,"22":1,"23":2,"24":2,"25":2,"26":2,"27":2,"28":2,"29":2,"30":2,"31":2,"32":1,"33":0,"34":0,"35":0,"36":0,"37":0,"38":0,"39":0,"40":0,"41":0,"42":0,"43":0,"44":0,"45":0,"46":0,"47":0,"48":1,"49":2,"50":2,"51":2,"52":2,"53":2,"54":2,"55":2,"56":2,"57":8,"58":8,"59":8,"60":2,"61":2,"62":2,"63":2,"64":1,"65":1,"66":1,"67":0,"68":0,"69":0,"70":0,"71":0,"72":0,"73":0,"74":0,"75":0,"76":1,"77":0,"78":0,"79":0,"80":0,"81":0,"82":0,"83":0,"84":0,"85":0,"86":0,"87":0,"88":0,"89":0,"90":0,"91":0,"92":0,"93":0,"94":0,"95":0,"96":0,"97":0,"98":0,"99":0,"100":0,"101":0,"102":0,"103":0,"104":0,"105":0,"106":0,"107":0,"108":0,"109":0,"110":0,"111":0,"112":0,"113":0,"114":0,"115":1},"b":{"1":[2,1],"2":[0,0],"3":[2,0],"4":[0,0],"5":[0,0],"6":[0,0],"7":[0,0],"8":[0,0],"9":[2,6],"10":[2,0],"11":[1,1],"12":[2,0,2,1],"13":[0,0],"14":[0,0],"15":[0,0,0],"16":[0,0],"17":[0,0],"18":[0,0],"19":[0,0],"20":[0,0],"21":[0,0,0],"22":[0,0],"23":[0,0],"24":[0,0,0]},"f":{},"fnMap":{},"statementMap":{"1":{"start":{"line":1,"column":0},"end":{"line":1,"column":35}},"2":{"start":{"line":2,"column":0},"end":{"line":2,"column":35}},"3":{"start":{"line":3,"column":0},"end":{"line":3,"column":31}},"4":{"start":{"line":5,"column":0},"end":{"line":5,"column":23}},"5":{"start":{"line":6,"column":0},"end":{"line":22,"column":2}},"6":{"start":{"line":7,"column":2},"end":{"line":7,"column":800}},"7":{"start":{"line":8,"column":2},"end":{"line":8,"column":179}},"8":{"start":{"line":9,"column":2},"end":{"line":9,"column":18}},"9":{"start":{"line":10,"column":2},"end":{"line":18,"column":3}},"10":{"start":{"line":11,"column":4},"end":{"line":11,"column":48}},"11":{"start":{"line":12,"column":4},"end":{"line":12,"column":38}},"12":{"start":{"line":13,"column":4},"end":{"line":15,"column":5}},"13":{"start":{"line":14,"column":6},"end":{"line":14,"column":25}},"14":{"start":{"line":17,"column":4},"end":{"line":17,"column":17}},"15":{"start":{"line":19,"column":2},"end":{"line":21,"column":3}},"16":{"start":{"line":20,"column":4},"end":{"line":20,"column":17}},"17":{"start":{"line":24,"column":0},"end":{"line":30,"column":2}},"18":{"start":{"line":25,"column":2},"end":{"line":25,"column":31}},"19":{"start":{"line":26,"column":2},"end":{"line":28,"column":3}},"20":{"start":{"line":27,"column":4},"end":{"line":27,"column":29}},"21":{"start":{"line":29,"column":2},"end":{"line":29,"column":15}},"22":{"start":{"line":32,"column":0},"end":{"line":42,"column":2}},"23":{"start":{"line":33,"column":2},"end":{"line":33,"column":31}},"24":{"start":{"line":34,"column":2},"end":{"line":34,"column":22}},"25":{"start":{"line":35,"column":2},"end":{"line":35,"column":31}},"26":{"start":{"line":36,"column":2},"end":{"line":36,"column":31}},"27":{"start":{"line":37,"column":2},"end":{"line":37,"column":31}},"28":{"start":{"line":38,"column":2},"end":{"line":38,"column":31}},"29":{"start":{"line":39,"column":2},"end":{"line":39,"column":31}},"30":{"start":{"line":40,"column":2},"end":{"line":40,"column":31}},"31":{"start":{"line":41,"column":2},"end":{"line":41,"column":18}},"32":{"start":{"line":44,"column":0},"end":{"line":63,"column":2}},"33":{"start":{"line":45,"column":2},"end":{"line":45,"column":31}},"34":{"start":{"line":46,"column":2},"end":{"line":46,"column":19}},"35":{"start":{"line":47,"column":2},"end":{"line":47,"column":21}},"36":{"start":{"line":48,"column":2},"end":{"line":48,"column":21}},"37":{"start":{"line":49,"column":2},"end":{"line":49,"column":26}},"38":{"start":{"line":50,"column":2},"end":{"line":61,"column":5}},"39":{"start":{"line":51,"column":4},"end":{"line":51,"column":38}},"40":{"start":{"line":52,"column":4},"end":{"line":60,"column":5}},"41":{"start":{"line":53,"column":6},"end":{"line":59,"column":7}},"42":{"start":{"line":54,"column":8},"end":{"line":54,"column":28}},"43":{"start":{"line":55,"column":8},"end":{"line":55,"column":44}},"44":{"start":{"line":56,"column":13},"end":{"line":59,"column":7}},"45":{"start":{"line":57,"column":8},"end":{"line":57,"column":28}},"46":{"start":{"line":58,"column":8},"end":{"line":58,"column":38}},"47":{"start":{"line":62,"column":2},"end":{"line":62,"column":15}},"48":{"start":{"line":65,"column":0},"end":{"line":89,"column":2}},"49":{"start":{"line":66,"column":2},"end":{"line":66,"column":31}},"50":{"start":{"line":67,"column":2},"end":{"line":67,"column":58}},"51":{"start":{"line":68,"column":2},"end":{"line":68,"column":60}},"52":{"start":{"line":69,"column":2},"end":{"line":69,"column":66}},"53":{"start":{"line":70,"column":2},"end":{"line":70,"column":60}},"54":{"start":{"line":71,"column":2},"end":{"line":71,"column":30}},"55":{"start":{"line":72,"column":2},"end":{"line":72,"column":18}},"56":{"start":{"line":73,"column":2},"end":{"line":79,"column":3}},"57":{"start":{"line":74,"column":4},"end":{"line":74,"column":48}},"58":{"start":{"line":75,"column":4},"end":{"line":75,"column":38}},"59":{"start":{"line":76,"column":4},"end":{"line":78,"column":5}},"60":{"start":{"line":77,"column":6},"end":{"line":77,"column":19}},"61":{"start":{"line":80,"column":2},"end":{"line":82,"column":3}},"62":{"start":{"line":81,"column":4},"end":{"line":81,"column":27}},"63":{"start":{"line":84,"column":2},"end":{"line":86,"column":3}},"64":{"start":{"line":85,"column":4},"end":{"line":85,"column":17}},"65":{"start":{"line":88,"column":2},"end":{"line":88,"column":14}},"66":{"start":{"line":92,"column":0},"end":{"line":108,"column":2}},"67":{"start":{"line":93,"column":2},"end":{"line":93,"column":32}},"68":{"start":{"line":94,"column":2},"end":{"line":107,"column":3}},"69":{"start":{"line":95,"column":4},"end":{"line":106,"column":7}},"70":{"start":{"line":96,"column":6},"end":{"line":101,"column":9}},"71":{"start":{"line":97,"column":8},"end":{"line":99,"column":9}},"72":{"start":{"line":98,"column":10},"end":{"line":98,"column":37}},"73":{"start":{"line":100,"column":8},"end":{"line":100,"column":19}},"74":{"start":{"line":103,"column":6},"end":{"line":105,"column":7}},"75":{"start":{"line":104,"column":8},"end":{"line":104,"column":37}},"76":{"start":{"line":111,"column":0},"end":{"line":162,"column":3}},"77":{"start":{"line":111,"column":30},"end":{"line":162,"column":2}},"78":{"start":{"line":112,"column":2},"end":{"line":112,"column":17}},"79":{"start":{"line":113,"column":2},"end":{"line":161,"column":5}},"80":{"start":{"line":114,"column":4},"end":{"line":160,"column":5}},"81":{"start":{"line":115,"column":6},"end":{"line":115,"column":52}},"82":{"start":{"line":116,"column":6},"end":{"line":116,"column":36}},"83":{"start":{"line":117,"column":6},"end":{"line":117,"column":45}},"84":{"start":{"line":118,"column":6},"end":{"line":118,"column":57}},"85":{"start":{"line":119,"column":6},"end":{"line":119,"column":51}},"86":{"start":{"line":120,"column":6},"end":{"line":120,"column":62}},"87":{"start":{"line":121,"column":6},"end":{"line":121,"column":31}},"88":{"start":{"line":122,"column":6},"end":{"line":122,"column":34}},"89":{"start":{"line":123,"column":6},"end":{"line":123,"column":41}},"90":{"start":{"line":124,"column":6},"end":{"line":124,"column":41}},"91":{"start":{"line":126,"column":6},"end":{"line":143,"column":7}},"92":{"start":{"line":127,"column":8},"end":{"line":139,"column":11}},"93":{"start":{"line":128,"column":10},"end":{"line":133,"column":13}},"94":{"start":{"line":129,"column":12},"end":{"line":131,"column":13}},"95":{"start":{"line":130,"column":14},"end":{"line":130,"column":41}},"96":{"start":{"line":132,"column":12},"end":{"line":132,"column":23}},"97":{"start":{"line":135,"column":10},"end":{"line":138,"column":11}},"98":{"start":{"line":136,"column":12},"end":{"line":136,"column":58}},"99":{"start":{"line":137,"column":12},"end":{"line":137,"column":25}},"100":{"start":{"line":141,"column":8},"end":{"line":141,"column":34}},"101":{"start":{"line":142,"column":8},"end":{"line":142,"column":21}},"102":{"start":{"line":144,"column":11},"end":{"line":160,"column":5}},"103":{"start":{"line":145,"column":6},"end":{"line":145,"column":24}},"104":{"start":{"line":146,"column":6},"end":{"line":146,"column":30}},"105":{"start":{"line":147,"column":6},"end":{"line":149,"column":8}},"106":{"start":{"line":150,"column":6},"end":{"line":150,"column":36}},"107":{"start":{"line":151,"column":6},"end":{"line":151,"column":34}},"108":{"start":{"line":152,"column":6},"end":{"line":152,"column":32}},"109":{"start":{"line":153,"column":6},"end":{"line":153,"column":32}},"110":{"start":{"line":154,"column":6},"end":{"line":154,"column":32}},"111":{"start":{"line":155,"column":6},"end":{"line":155,"column":42}},"112":{"start":{"line":156,"column":6},"end":{"line":156,"column":19}},"113":{"start":{"line":158,"column":6},"end":{"line":158,"column":41}},"114":{"start":{"line":159,"column":6},"end":{"line":159,"column":18}},"115":{"start":{"line":163,"column":0},"end":{"line":163,"column":29}}},"branchMap":{"1":{"line":13,"type":"if","locations":[{"start":{"line":13,"column":4},"end":{"line":13,"column":4}},{"start":{"line":13,"column":4},"end":{"line":13,"column":4}}]},"2":{"line":19,"type":"if","locations":[{"start":{"line":19,"column":2},"end":{"line":19,"column":2}},{"start":{"line":19,"column":2},"end":{"line":19,"column":2}}]},"3":{"line":26,"type":"if","locations":[{"start":{"line":26,"column":2},"end":{"line":26,"column":2}},{"start":{"line":26,"column":2},"end":{"line":26,"column":2}}]},"4":{"line":52,"type":"if","locations":[{"start":{"line":52,"column":4},"end":{"line":52,"column":4}},{"start":{"line":52,"column":4},"end":{"line":52,"column":4}}]},"5":{"line":53,"type":"if","locations":[{"start":{"line":53,"column":6},"end":{"line":53,"column":6}},{"start":{"line":53,"column":6},"end":{"line":53,"column":6}}]},"6":{"line":53,"type":"binary-expr","locations":[{"start":{"line":53,"column":10},"end":{"line":53,"column":25}},{"start":{"line":53,"column":29},"end":{"line":53,"column":44}}]},"7":{"line":56,"type":"if","locations":[{"start":{"line":56,"column":13},"end":{"line":56,"column":13}},{"start":{"line":56,"column":13},"end":{"line":56,"column":13}}]},"8":{"line":56,"type":"binary-expr","locations":[{"start":{"line":56,"column":17},"end":{"line":56,"column":47}},{"start":{"line":56,"column":51},"end":{"line":56,"column":63}}]},"9":{"line":76,"type":"if","locations":[{"start":{"line":76,"column":4},"end":{"line":76,"column":4}},{"start":{"line":76,"column":4},"end":{"line":76,"column":4}}]},"10":{"line":80,"type":"if","locations":[{"start":{"line":80,"column":2},"end":{"line":80,"column":2}},{"start":{"line":80,"column":2},"end":{"line":80,"column":2}}]},"11":{"line":84,"type":"if","locations":[{"start":{"line":84,"column":2},"end":{"line":84,"column":2}},{"start":{"line":84,"column":2},"end":{"line":84,"column":2}}]},"12":{"line":84,"type":"binary-expr","locations":[{"start":{"line":84,"column":7},"end":{"line":84,"column":28}},{"start":{"line":84,"column":32},"end":{"line":84,"column":54}},{"start":{"line":84,"column":59},"end":{"line":84,"column":84}},{"start":{"line":84,"column":88},"end":{"line":84,"column":103}}]},"13":{"line":94,"type":"if","locations":[{"start":{"line":94,"column":2},"end":{"line":94,"column":2}},{"start":{"line":94,"column":2},"end":{"line":94,"column":2}}]},"14":{"line":97,"type":"if","locations":[{"start":{"line":97,"column":8},"end":{"line":97,"column":8}},{"start":{"line":97,"column":8},"end":{"line":97,"column":8}}]},"15":{"line":97,"type":"binary-expr","locations":[{"start":{"line":97,"column":12},"end":{"line":97,"column":21}},{"start":{"line":97,"column":25},"end":{"line":97,"column":30}},{"start":{"line":97,"column":34},"end":{"line":97,"column":61}}]},"16":{"line":103,"type":"if","locations":[{"start":{"line":103,"column":6},"end":{"line":103,"column":6}},{"start":{"line":103,"column":6},"end":{"line":103,"column":6}}]},"17":{"line":114,"type":"if","locations":[{"start":{"line":114,"column":4},"end":{"line":114,"column":4}},{"start":{"line":114,"column":4},"end":{"line":114,"column":4}}]},"18":{"line":114,"type":"binary-expr","locations":[{"start":{"line":114,"column":8},"end":{"line":114,"column":16}},{"start":{"line":114,"column":20},"end":{"line":114,"column":47}}]},"19":{"line":126,"type":"if","locations":[{"start":{"line":126,"column":6},"end":{"line":126,"column":6}},{"start":{"line":126,"column":6},"end":{"line":126,"column":6}}]},"20":{"line":129,"type":"if","locations":[{"start":{"line":129,"column":12},"end":{"line":129,"column":12}},{"start":{"line":129,"column":12},"end":{"line":129,"column":12}}]},"21":{"line":129,"type":"binary-expr","locations":[{"start":{"line":129,"column":16},"end":{"line":129,"column":21}},{"start":{"line":129,"column":25},"end":{"line":129,"column":28}},{"start":{"line":129,"column":32},"end":{"line":129,"column":59}}]},"22":{"line":135,"type":"if","locations":[{"start":{"line":135,"column":10},"end":{"line":135,"column":10}},{"start":{"line":135,"column":10},"end":{"line":135,"column":10}}]},"23":{"line":144,"type":"if","locations":[{"start":{"line":144,"column":11},"end":{"line":144,"column":11}},{"start":{"line":144,"column":11},"end":{"line":144,"column":11}}]},"24":{"line":144,"type":"binary-expr","locations":[{"start":{"line":144,"column":15},"end":{"line":144,"column":24}},{"start":{"line":144,"column":28},"end":{"line":144,"column":33}},{"start":{"line":144,"column":37},"end":{"line":144,"column":64}}]}}}}