TN:
SF:/Users/prudvihemanth/Desktop/urlAnalysis/index.js
FNF:0
FNH:0
DA:1,1
DA:2,1
DA:3,1
DA:5,1
DA:6,1
DA:7,2
DA:8,2
DA:9,2
DA:10,2
DA:11,3
DA:12,3
DA:13,3
DA:14,2
DA:17,1
DA:19,0
DA:20,0
DA:24,1
DA:25,2
DA:26,2
DA:27,2
DA:29,0
DA:32,1
DA:33,2
DA:34,2
DA:35,2
DA:36,2
DA:37,2
DA:38,2
DA:39,2
DA:40,2
DA:41,2
DA:44,1
DA:45,0
DA:46,0
DA:47,0
DA:48,0
DA:49,0
DA:50,0
DA:51,0
DA:52,0
DA:53,0
DA:54,0
DA:55,0
DA:56,0
DA:57,0
DA:58,0
DA:62,0
DA:65,1
DA:66,2
DA:67,2
DA:68,2
DA:69,2
DA:70,2
DA:71,2
DA:72,2
DA:73,2
DA:74,8
DA:75,8
DA:76,8
DA:77,2
DA:80,2
DA:81,2
DA:84,2
DA:85,1
DA:88,1
DA:92,1
DA:93,0
DA:94,0
DA:95,0
DA:96,0
DA:97,0
DA:98,0
DA:100,0
DA:103,0
DA:104,0
DA:111,1
DA:112,0
DA:113,0
DA:114,0
DA:115,0
DA:116,0
DA:117,0
DA:118,0
DA:119,0
DA:120,0
DA:121,0
DA:122,0
DA:123,0
DA:124,0
DA:126,0
DA:127,0
DA:128,0
DA:129,0
DA:130,0
DA:132,0
DA:135,0
DA:136,0
DA:137,0
DA:141,0
DA:142,0
DA:144,0
DA:145,0
DA:146,0
DA:147,0
DA:150,0
DA:151,0
DA:152,0
DA:153,0
DA:154,0
DA:155,0
DA:156,0
DA:158,0
DA:159,0
DA:163,1
LF:114
LH:50
BRDA:13,1,0,2
BRDA:13,1,1,1
BRDA:19,2,0,0
BRDA:19,2,1,0
BRDA:26,3,0,2
BRDA:26,3,1,0
BRDA:52,4,0,0
BRDA:52,4,1,0
BRDA:53,5,0,0
BRDA:53,5,1,0
BRDA:53,6,0,0
BRDA:53,6,1,0
BRDA:56,7,0,0
BRDA:56,7,1,0
BRDA:56,8,0,0
BRDA:56,8,1,0
BRDA:76,9,0,2
BRDA:76,9,1,6
BRDA:80,10,0,2
BRDA:80,10,1,0
BRDA:84,11,0,1
BRDA:84,11,1,1
BRDA:84,12,0,2
BRDA:84,12,1,0
BRDA:84,12,2,2
BRDA:84,12,3,1
BRDA:94,13,0,0
BRDA:94,13,1,0
BRDA:97,14,0,0
BRDA:97,14,1,0
BRDA:97,15,0,0
BRDA:97,15,1,0
BRDA:97,15,2,0
BRDA:103,16,0,0
BRDA:103,16,1,0
BRDA:114,17,0,0
BRDA:114,17,1,0
BRDA:114,18,0,0
BRDA:114,18,1,0
BRDA:126,19,0,0
BRDA:126,19,1,0
BRDA:129,20,0,0
BRDA:129,20,1,0
BRDA:129,21,0,0
BRDA:129,21,1,0
BRDA:129,21,2,0
BRDA:135,22,0,0
BRDA:135,22,1,0
BRDA:144,23,0,0
BRDA:144,23,1,0
BRDA:144,24,0,0
BRDA:144,24,1,0
BRDA:144,24,2,0
BRF:53
BRH:11
end_of_record
